Build started 3/16/2012 8:09:55 AM.
     1>Project "C:\Users\Mike\Documents\Visual Studio 2010\Projects\Legendre-MikePurvis\Legendre-MikePurvis\Legendre-MikePurvis.vcxproj" on node 2 (build target(s)).
     1>InitializeBuildStatus:
         Creating "Debug\Legendre-MikePurvis.unsuccessfulbuild" because "AlwaysCreate" was specified.
       ClCompile:
         C:\Program Files (x86)\Microsoft Visual Studio 10.0\VC\bin\CL.exe /c /ZI /nologo /W3 /WX- /Od /Oy- /D WIN32 /D _DEBUG /D _CONSOLE /D _UNICODE /D UNICODE /Gm /EHsc /RTC1 /MDd /GS /fp:precise /Zc:wchar_t /Zc:forScope /Fo"Debug\\" /Fd"Debug\vc100.pdb" /Gd /TP /analyze- /errorReport:prompt main.cpp
         main.cpp
       ManifestResourceCompile:
         All outputs are up-to-date.
       Link:
         C:\Program Files (x86)\Microsoft Visual Studio 10.0\VC\bin\link.exe /ERRORREPORT:PROMPT /OUT:"C:\Users\Mike\Documents\Visual Studio 2010\Projects\Legendre-MikePurvis\Debug\Legendre-MikePurvis.exe" /INCREMENTAL /NOLOGO kernel32.lib user32.lib gdi32.lib winspool.lib comdlg32.lib advapi32.lib shell32.lib ole32.lib oleaut32.lib uuid.lib odbc32.lib odbccp32.lib /MANIFEST /ManifestFile:"Debug\Legendre-MikePurvis.exe.intermediate.manifest" /MANIFESTUAC:"level='asInvoker' uiAccess='false'" /DEBUG /PDB:"C:\Users\Mike\Documents\Visual Studio 2010\Projects\Legendre-MikePurvis\Debug\Legendre-MikePurvis.pdb" /SUBSYSTEM:CONSOLE /TLBID:1 /DYNAMICBASE /NXCOMPAT /IMPLIB:"C:\Users\Mike\Documents\Visual Studio 2010\Projects\Legendre-MikePurvis\Debug\Legendre-MikePurvis.lib" /MACHINE:X86 "Debug\Legendre-MikePurvis.exe.embed.manifest.res"
         Debug\main.obj
       Manifest:
         C:\Program Files (x86)\Microsoft SDKs\Windows\v7.0A\bin\mt.exe /nologo /verbose /out:"Debug\Legendre-MikePurvis.exe.embed.manifest" /manifest "Debug\Legendre-MikePurvis.exe.intermediate.manifest"
         All outputs are up-to-date.
       LinkEmbedManifest:
         All outputs are up-to-date.
         Legendre-MikePurvis.vcxproj -> C:\Users\Mike\Documents\Visual Studio 2010\Projects\Legendre-MikePurvis\Debug\Legendre-MikePurvis.exe
       FinalizeBuildStatus:
         Deleting file "Debug\Legendre-MikePurvis.unsuccessfulbuild".
         Touching "Debug\Legendre-MikePurvis.lastbuildstate".
     1>Done Building Project "C:\Users\Mike\Documents\Visual Studio 2010\Projects\Legendre-MikePurvis\Legendre-MikePurvis\Legendre-MikePurvis.vcxproj" (build target(s)).

Build succeeded.

Time Elapsed 00:00:01.60
